<?xml version="1.0" encoding="UTF-8"?>
<!-- Generated by org.testng.reporters.JUnitReportReporter -->
<testsuite skipped="0" hostname="HSC-R90G9WW4" name="pageClasses.ComparePdfFiles" tests="1" failures="0" timestamp="01 Jun 2018 10:28:05 GMT" time="11.271" errors="0">
  <testcase name="testVerifyPDFTextInBrowser" time="11.271" classname="pageClasses.ComparePdfFiles"/>
</testsuite> <!-- pageClasses.ComparePdfFiles -->
