<?xml version="1.0" encoding="UTF-8"?>
<!-- Generated by org.testng.reporters.JUnitReportReporter -->
<testsuite skipped="0" hostname="HSC-R90G9WW4" name="pageClasses.Compare2PDF" tests="1" failures="0" timestamp="08 Jun 2018 12:49:19 GMT" time="3.176" errors="0">
  <testcase name="CompareTextInTwoPdfs" time="3.176" classname="pageClasses.Compare2PDF"/>
</testsuite> <!-- pageClasses.Compare2PDF -->
