<?xml version="1.0" encoding="UTF-8"?>
<!-- Generated by org.testng.reporters.JUnitReportReporter -->
<testsuite skipped="0" hostname="HSC-R90G9WW4" name="pageClasses.PdfCompare" tests="1" failures="0" timestamp="01 Jun 2018 10:42:39 GMT" time="7.019" errors="0">
  <testcase name="testVerifyPDFTextInBrowser" time="7.019" classname="pageClasses.PdfCompare"/>
</testsuite> <!-- pageClasses.PdfCompare -->
