<?xml version="1.0" encoding="UTF-8"?>
<!-- Generated by org.testng.reporters.JUnitReportReporter -->
<testsuite skipped="0" hostname="HSC-R90G9WW4" name="pageClasses.PdfComapre" tests="1" failures="0" timestamp="31 May 2018 08:32:56 GMT" time="1.155" errors="0">
  <testcase name="pdfcomapre" time="1.155" classname="pageClasses.PdfComapre"/>
</testsuite> <!-- pageClasses.PdfComapre -->
