<?xml version="1.0" encoding="UTF-8"?>
<!-- Generated by org.testng.reporters.JUnitReportReporter -->
<testsuite skipped="0" hostname="HSC-R90G9WW4" name="org.tekSystems.automation.SeleniumAutomation.HomeTest" tests="1" failures="0" timestamp="28 May 2018 05:09:10 GMT" time="24.646" errors="0">
  <testcase name="login" time="24.646" classname="org.tekSystems.automation.SeleniumAutomation.HomeTest"/>
</testsuite> <!-- org.tekSystems.automation.SeleniumAutomation.HomeTest -->
