<?xml version="1.0" encoding="UTF-8"?>
<!-- Generated by org.testng.reporters.JUnitReportReporter -->
<testsuite hostname="HSC-R90G9WW4" name="org.tekSystems.automation.SeleniumAutomation.HomeTest" tests="1" failures="0" timestamp="22 May 2018 09:18:30 GMT" time="25.812" errors="0">
  <testcase name="login" time="25.812" classname="org.tekSystems.automation.SeleniumAutomation.HomeTest"/>
</testsuite> <!-- org.tekSystems.automation.SeleniumAutomation.HomeTest -->
